<?xml version="1.0" encoding="UTF-8" ?>
<testsuite errors="0" failures="0" hostname="DESKTOP-4T6P0FJ" name="JunitSuiteRunnerTest" skipped="0" tests="2" time="39.562" timestamp="2018-03-22T20:42:16">
  <properties>
[...]
</properties>
  <testcase classname="LoginTest" name="verifylLoginWithInvalidPassword" time="22.419" />
  <testcase classname="LoginTest" name="verifylLoginWithInvalidEmail" time="16.425" />
  <system-out><![CDATA[Invalid Password Error Message : Wrong password. Try again or click Forgot password to reset it.
Invalid Email Error Message : Couldn't find your Google Account
]]></system-out>
  <system-err><![CDATA[log4j:WARN No appenders could be found for logger (org.apache.http.client.protocol.RequestAddCookies).
log4j:WARN Please initialize the log4j system properly.
]]></system-err>
</testsuite>
